<?xml version="1.0" encoding="UTF-8"?>
<!-- Generated by org.testng.reporters.JUnitReportReporter -->
<testsuite skipped="9" hostname="LAPTOP-0EG0DAL0" name="com.qa.opencart.tests.AccountsPageTest" tests="10" failures="0" timestamp="2023-12-06T08:32:24 IST" time="1.508" errors="1">
  <testcase name="setup" time="1.508" classname="com.qa.opencart.tests.AccountsPageTest">
    <error type="java.lang.IllegalStateException" message="The path to the driver executable The path to the driver executable must be set by the webdriver.chrome.driver system property; for more information, see https://chromedriver.chromium.org/. The latest version can be downloaded from https://chromedriver.chromium.org/downloads">
      <![CDATA[java.lang.IllegalStateException: The path to the driver executable The path to the driver executable must be set by the webdriver.chrome.driver system property; for more information, see https://chromedriver.chromium.org/. The latest version can be downloaded from https://chromedriver.chromium.org/downloads
at org.openqa.selenium.internal.Require$StateChecker.nonNull(Require.java:314)
at org.openqa.selenium.remote.service.DriverService.findExecutable(DriverService.java:149)
at org.openqa.selenium.chrome.ChromeDriverService.access$000(ChromeDriverService.java:41)
at org.openqa.selenium.chrome.ChromeDriverService$Builder.findDefaultExecutable(ChromeDriverService.java:285)
at org.openqa.selenium.remote.service.DriverService$Builder.build(DriverService.java:456)
at org.openqa.selenium.chrome.ChromeDriverService.createServiceWithConfig(ChromeDriverService.java:160)
at org.openqa.selenium.chrome.ChromeDriver.<init>(ChromeDriver.java:71)
at com.qa.opencart.driverfactory.DriverFactory.initDriver(DriverFactory.java:23)
at com.qa.opencart.basetests.BaseTest.setup(BaseTest.java:26)
at sun.reflect.NativeMethodAccessorImpl.invoke0(Native Method)
at sun.reflect.NativeMethodAccessorImpl.invoke(NativeMethodAccessorImpl.java:62)
at sun.reflect.DelegatingMethodAccessorImpl.invoke(DelegatingMethodAccessorImpl.java:43)
at java.lang.reflect.Method.invoke(Method.java:498)
at org.testng.internal.invokers.MethodInvocationHelper.invokeMethod(MethodInvocationHelper.java:136)
at org.testng.internal.invokers.MethodInvocationHelper.invokeMethodConsideringTimeout(MethodInvocationHelper.java:65)
at org.testng.internal.invokers.ConfigInvoker.invokeConfigurationMethod(ConfigInvoker.java:381)
at org.testng.internal.invokers.ConfigInvoker.invokeConfigurations(ConfigInvoker.java:319)
at org.testng.TestRunner.invokeTestConfigurations(TestRunner.java:645)
at org.testng.TestRunner.beforeRun(TestRunner.java:634)
at org.testng.TestRunner.run(TestRunner.java:596)
at org.testng.SuiteRunner.runTest(SuiteRunner.java:429)
at org.testng.SuiteRunner.runSequentially(SuiteRunner.java:423)
at org.testng.SuiteRunner.privateRun(SuiteRunner.java:383)
at org.testng.SuiteRunner.run(SuiteRunner.java:326)
at org.testng.SuiteRunnerWorker.runSuite(SuiteRunnerWorker.java:52)
at org.testng.SuiteRunnerWorker.run(SuiteRunnerWorker.java:95)
at org.testng.TestNG.runSuitesSequentially(TestNG.java:1249)
at org.testng.TestNG.runSuitesLocally(TestNG.java:1169)
at org.testng.TestNG.runSuites(TestNG.java:1092)
at org.testng.TestNG.run(TestNG.java:1060)
at org.testng.remote.AbstractRemoteTestNG.run(AbstractRemoteTestNG.java:115)
at org.testng.remote.RemoteTestNG.initAndRun(RemoteTestNG.java:251)
at org.testng.remote.RemoteTestNG.main(RemoteTestNG.java:77)
]]>
    </error>
  </testcase> <!-- setup -->
  <system-out/>
  <testcase name="titleTest" time="0.000" classname="com.qa.opencart.tests.AccountsPageTest">
    <skipped/>
  </testcase> <!-- titleTest -->
  <system-out/>
  <testcase name="urlTest" time="0.000" classname="com.qa.opencart.tests.AccountsPageTest">
    <skipped/>
  </testcase> <!-- urlTest -->
  <system-out/>
  <testcase name="logoutLinkPresentTest" time="0.000" classname="com.qa.opencart.tests.AccountsPageTest">
    <skipped/>
  </testcase> <!-- logoutLinkPresentTest -->
  <system-out/>
  <testcase name="searchBoxPresentTest" time="0.000" classname="com.qa.opencart.tests.AccountsPageTest">
    <skipped/>
  </testcase> <!-- searchBoxPresentTest -->
  <system-out/>
  <testcase name="searchButtonPresentTest" time="0.000" classname="com.qa.opencart.tests.AccountsPageTest">
    <skipped/>
  </testcase> <!-- searchButtonPresentTest -->
  <system-out/>
  <testcase name="accSecHeadersPresentTest" time="0.000" classname="com.qa.opencart.tests.AccountsPageTest">
    <skipped/>
  </testcase> <!-- accSecHeadersPresentTest -->
  <system-out/>
  <testcase name="searchProductTest" time="0.000" classname="com.qa.opencart.tests.AccountsPageTest">
    <skipped/>
  </testcase> <!-- searchProductTest -->
  <system-out/>
  <testcase name="searchProductTest" time="0.000" classname="com.qa.opencart.tests.AccountsPageTest">
    <skipped/>
  </testcase> <!-- searchProductTest -->
  <system-out/>
  <testcase name="searchProductTest" time="0.000" classname="com.qa.opencart.tests.AccountsPageTest">
    <skipped/>
  </testcase> <!-- searchProductTest -->
  <system-out/>
</testsuite> <!-- com.qa.opencart.tests.AccountsPageTest -->
